Using pre-set license
Built from '2021.3/staging' branch; Version is '2021.3.16f1 (4016570cf34f) revision 4200023'; Using compiler version '192829333'; Build Type 'Release'
OS: 'Windows 10  (10.0.19045) 64bit CoreCountrySpecific' Language: 'zh' Physical Memory: 16303 MB
BatchMode: 1, IsHumanControllingUs: 0, StartBugReporterOnCrash: 0, Is64bit: 1, IsPro: 1

COMMAND LINE ARGUMENTS:
D:\Unity\hub\editor\2021.3.16f1\Editor\Unity.exe
-adb2
-batchMode
-noUpm
-name
AssetImportWorker1
-projectPath
D:/Unity/project/vehicle_studio
-logFile
Logs/AssetImportWorker1.log
-srvPort
64664
Successfully changed project path to: D:/Unity/project/vehicle_studio
D:/Unity/project/vehicle_studio
[UnityMemory] Configuration Parameters - Can be set up in boot.config
    "memorysetup-bucket-allocator-granularity=16"
    "memorysetup-bucket-allocator-bucket-count=8"
    "memorysetup-bucket-allocator-block-size=33554432"
    "memorysetup-bucket-allocator-block-count=8"
    "memorysetup-main-allocator-block-size=16777216"
    "memorysetup-thread-allocator-block-size=16777216"
    "memorysetup-gfx-main-allocator-block-size=16777216"
    "memorysetup-gfx-thread-allocator-block-size=16777216"
    "memorysetup-cache-allocator-block-size=4194304"
    "memorysetup-typetree-allocator-block-size=2097152"
    "memorysetup-profiler-bucket-allocator-granularity=16"
    "memorysetup-profiler-bucket-allocator-bucket-count=8"
    "memorysetup-profiler-bucket-allocator-block-size=33554432"
    "memorysetup-profiler-bucket-allocator-block-count=8"
    "memorysetup-profiler-allocator-block-size=16777216"
    "memorysetup-profiler-editor-allocator-block-size=1048576"
    "memorysetup-temp-allocator-size-main=16777216"
    "memorysetup-job-temp-allocator-block-size=2097152"
    "memorysetup-job-temp-allocator-block-size-background=1048576"
    "memorysetup-job-temp-allocator-reduction-small-platforms=262144"
    "memorysetup-temp-allocator-size-background-worker=32768"
    "memorysetup-temp-allocator-size-job-worker=262144"
    "memorysetup-temp-allocator-size-preload-manager=33554432"
    "memorysetup-temp-allocator-size-nav-mesh-worker=65536"
    "memorysetup-temp-allocator-size-audio-worker=65536"
    "memorysetup-temp-allocator-size-cloud-worker=32768"
    "memorysetup-temp-allocator-size-gi-baking-worker=262144"
    "memorysetup-temp-allocator-size-gfx=262144"
Player connection [22508] Host "[IP] 192.168.56.1 [Port] 0 [Flags] 2 [Guid] 1535987336 [EditorId] 1535987336 [Version] 1048832 [Id] WindowsEditor(7,LAPTOP-CQ9GJ63E) [Debug] 1 [PackageName] WindowsEditor [ProjectName] Editor" joined multi-casting on [225.0.0.222:54997]...

Player connection [22508] Host "[IP] 192.168.56.1 [Port] 0 [Flags] 2 [Guid] 1535987336 [EditorId] 1535987336 [Version] 1048832 [Id] WindowsEditor(7,LAPTOP-CQ9GJ63E) [Debug] 1 [PackageName] WindowsEditor [ProjectName] Editor" joined alternative multi-casting on [225.0.0.222:34997]...

Refreshing native plugins compatible for Editor in 114.56 ms, found 6 plugins.
Preloading 1 native plugins for Editor in 0.54 ms.
Initialize engine version: 2021.3.16f1 (4016570cf34f)
[Subsystems] Discovering subsystems at path D:/Unity/hub/editor/2021.3.16f1/Editor/Data/Resources/UnitySubsystems
[Subsystems] Discovering subsystems at path D:/Unity/project/vehicle_studio/Assets
GfxDevice: creating device client; threaded=0; jobified=0
Direct3D:
    Version:  Direct3D 11.0 [level 11.1]
    Renderer: NVIDIA GeForce RTX 2060 (ID=0x1f11)
    Vendor:   NVIDIA
    VRAM:     5980 MB
    Driver:   30.0.14.9649
Initialize mono
Mono path[0] = 'D:/Unity/hub/editor/2021.3.16f1/Editor/Data/Managed'
Mono path[1] = 'D:/Unity/hub/editor/2021.3.16f1/Editor/Data/MonoBleedingEdge/lib/mono/unityjit-win32'
Mono config path = 'D:/Unity/hub/editor/2021.3.16f1/Editor/Data/MonoBleedingEdge/etc'
Using monoOptions --debugger-agent=transport=dt_socket,embedding=1,server=y,suspend=n,address=127.0.0.1:56612
Begin MonoManager ReloadAssembly
Registering precompiled unity dll's ...
Register platform support module: D:/Unity/hub/editor/2021.3.16f1/Editor/Data/PlaybackEngines/WebGLSupport/UnityEditor.WebGL.Extensions.dll
Register platform support module: D:/Unity/hub/editor/2021.3.16f1/Editor/Data/PlaybackEngines/WindowsStandaloneSupport/UnityEditor.WindowsStandalone.Extensions.dll
Registered in 0.004925 seconds.
Native extension for WindowsStandalone target not found
Native extension for WebGL target not found
Refreshing native plugins compatible for Editor in 159.58 ms, found 6 plugins.
Preloading 1 native plugins for Editor in 0.08 ms.
Mono: successfully reloaded assembly
- Completed reload, in  0.854 seconds
Domain Reload Profiling:
	ReloadAssembly (854ms)
		BeginReloadAssembly (87ms)
			ExecutionOrderSort (0ms)
			DisableScriptedObjects (0ms)
			BackupInstance (0ms)
			ReleaseScriptingObjects (0ms)
			CreateAndSetChildDomain (1ms)
		EndReloadAssembly (635ms)
			LoadAssemblies (87ms)
			RebuildTransferFunctionScriptingTraits (0ms)
			SetupTypeCache (137ms)
			ReleaseScriptCaches (0ms)
			RebuildScriptCaches (38ms)
			SetupLoadedEditorAssemblies (396ms)
				LogAssemblyErrors (0ms)
				InitializePlatformSupportModulesInManaged (10ms)
				SetLoadedEditorAssemblies (0ms)
				RefreshPlugins (160ms)
				BeforeProcessingInitializeOnLoad (2ms)
				ProcessInitializeOnLoadAttributes (173ms)
				ProcessInitializeOnLoadMethodAttributes (51ms)
				AfterProcessingInitializeOnLoad (0ms)
				EditorAssembliesLoaded (0ms)
			ExecutionOrderSort2 (0ms)
			AwakeInstancesAfterBackupRestoration (0ms)
Platform modules already initialized, skipping
Registering precompiled user dll's ...
Registered in 0.011644 seconds.
Begin MonoManager ReloadAssembly
Symbol file LoadedFromMemory doesn't match image D:\Unity\project\vehicle_studio\Library\PackageCache\com.unity.visualscripting@1.7.8\Editor\VisualScripting.Core\Dependencies\DotNetZip\Unity.VisualScripting.IonicZip.dll
Symbol file LoadedFromMemory doesn't match image D:\Unity\project\vehicle_studio\Library\PackageCache\com.unity.visualscripting@1.7.8\Editor\VisualScripting.Core\Dependencies\YamlDotNet\Unity.VisualScripting.YamlDotNet.dll
Native extension for WindowsStandalone target not found
Native extension for WebGL target not found
Refreshing native plugins compatible for Editor in 130.20 ms, found 6 plugins.
Preloading 1 native plugins for Editor in 0.07 ms.
Package Manager log level set to [2]
System.Reflection.TargetInvocationException: Exception has been thrown by the target of an invocation. ---> System.NullReferenceException: Object reference not set to an instance of an object
  at Unity.XR.Oculus.OculusLoader.AssetPathToAbsolutePath (System.String assetPath) [0x00041] in D:\Unity\project\vehicle_studio\Library\PackageCache\com.unity.xr.oculus@3.2.3\Runtime\OculusLoader.cs:296 
  at Unity.XR.Oculus.OculusLoader.EditorLoadOVRPlugin () [0x000b0] in D:\Unity\project\vehicle_studio\Library\PackageCache\com.unity.xr.oculus@3.2.3\Runtime\OculusLoader.cs:281 
  at (wrapper managed-to-native) System.Reflection.RuntimeMethodInfo.InternalInvoke(System.Reflection.RuntimeMethodInfo,object,object[],System.Exception&)
  at System.Reflection.RuntimeMethodInfo.Invoke (System.Object obj, System.Reflection.BindingFlags invokeAttr, System.Reflection.Binder binder, System.Object[] parameters, System.Globalization.CultureInfo culture) [0x0006a] in <75633565436c42f0a6426b33f0132ade>:0 
   --- End of inner exception stack trace ---
  at System.Reflection.RuntimeMethodInfo.Invoke (System.Object obj, System.Reflection.BindingFlags invokeAttr, System.Reflection.Binder binder, System.Object[] parameters, System.Globalization.CultureInfo culture) [0x00083] in <75633565436c42f0a6426b33f0132ade>:0 
  at System.Reflection.MethodBase.Invoke (System.Object obj, System.Object[] parameters) [0x00000] in <75633565436c42f0a6426b33f0132ade>:0 
  at UnityEditor.EditorAssemblies.ProcessInitializeOnLoadMethodAttributes () [0x000a5] in <11d97693183d4a6bb35c29ae7882c66b>:0 
UnityEngine.StackTraceUtility:ExtractStackTrace ()
UnityEngine.DebugLogHandler:LogFormat (UnityEngine.LogType,UnityEngine.Object,string,object[])
UnityEngine.Logger:Log (UnityEngine.LogType,object)
UnityEngine.Debug:LogError (object)
UnityEditor.EditorAssemblies:ProcessInitializeOnLoadMethodAttributes ()

Mono: successfully reloaded assembly
- Completed reload, in  1.865 seconds
Domain Reload Profiling:
	ReloadAssembly (1866ms)
		BeginReloadAssembly (146ms)
			ExecutionOrderSort (0ms)
			DisableScriptedObjects (7ms)
			BackupInstance (0ms)
			ReleaseScriptingObjects (0ms)
			CreateAndSetChildDomain (22ms)
		EndReloadAssembly (1574ms)
			LoadAssemblies (151ms)
			RebuildTransferFunctionScriptingTraits (0ms)
			SetupTypeCache (468ms)
			ReleaseScriptCaches (1ms)
			RebuildScriptCaches (113ms)
			SetupLoadedEditorAssemblies (798ms)
				LogAssemblyErrors (0ms)
				InitializePlatformSupportModulesInManaged (5ms)
				SetLoadedEditorAssemblies (0ms)
				RefreshPlugins (130ms)
				BeforeProcessingInitializeOnLoad (144ms)
				ProcessInitializeOnLoadAttributes (473ms)
				ProcessInitializeOnLoadMethodAttributes (41ms)
				AfterProcessingInitializeOnLoad (4ms)
				EditorAssembliesLoaded (0ms)
			ExecutionOrderSort2 (0ms)
			AwakeInstancesAfterBackupRestoration (11ms)
Platform modules already initialized, skipping
========================================================================
Worker process is ready to serve import requests
Launched and connected shader compiler UnityShaderCompiler.exe after 0.07 seconds
Refreshing native plugins compatible for Editor in 1.43 ms, found 6 plugins.
Preloading 1 native plugins for Editor in 0.06 ms.
Unloading 4902 Unused Serialized files (Serialized files now loaded: 0)
Unloading 48 unused Assets / (467.7 KB). Loaded Objects now: 5483.
Memory consumption went from 199.6 MB to 199.1 MB.
Total: 4.778000 ms (FindLiveObjects: 0.465600 ms CreateObjectMapping: 0.386700 ms MarkObjects: 3.582600 ms  DeleteObjects: 0.341800 ms)

AssetImportParameters requested are different than current active one (requested -> active):
  custom:video-decoder-ogg-theora: a1e56fd34408186e4bbccfd4996cb3dc -> 
  custom:container-muxer-webm: aa71ff27fc2769a1b78a27578f13a17b -> 
  custom:container-demuxer-webm: 4f35f7cbe854078d1ac9338744f61a02 -> 
  custom:video-encoder-webm-vp8: eb34c28f22e8b96e1ab97ce403110664 -> 
  custom:video-codec-MediaFoundation-h265: 746d11721c4dcdbdad8f713fa42b33f4 -> 
  custom:audio-encoder-webm-vorbis: bf7c407c2cedff20999df2af8eb42d56 -> 
  custom:framework-win-MediaFoundation: 216162199b28c13a410421893ffa2e32 -> 
  custom:container-demuxer-ogg: 62fdf1f143b41e24485cea50d1cbac27 -> 
  custom:video-decoder-webm-vp8: 9c59270c3fd7afecdb556c50c9e8de78 -> 
  custom:audio-decoder-ogg-vorbis: bf7c407c2cedff20999df2af8eb42d56 -> 
========================================================================
Received Import Request.
  Time since last request: 17052.110822 seconds.
  path: Assets/cw1/factory/prefab/Road sign Pillar.prefab
  artifactKey: Guid(e0badc4c619797a4991c39dbbf0d2174) Importer(815301076,1909f56bfc062723c751e8b465ee728b)
Start importing Assets/cw1/factory/prefab/Road sign Pillar.prefab using Guid(e0badc4c619797a4991c39dbbf0d2174) Importer(815301076,1909f56bfc062723c751e8b465ee728b)  -> (artifact id: '917310a65b328438b7797686ca06a434') in 0.091963 seconds 
========================================================================
Received Import Request.
  Time since last request: 0.000018 seconds.
  path: Assets/cw1/factory/prefab/Pipe front.prefab
  artifactKey: Guid(ca97c119d3cb54648b6c82ad7a1364de) Importer(815301076,1909f56bfc062723c751e8b465ee728b)
Start importing Assets/cw1/factory/prefab/Pipe front.prefab using Guid(ca97c119d3cb54648b6c82ad7a1364de) Importer(815301076,1909f56bfc062723c751e8b465ee728b)  -> (artifact id: '2cd59c472fc9da48fb77b3da6802540f') in 0.004818 seconds 
========================================================================
Received Import Request.
  Time since last request: 0.000021 seconds.
  path: Assets/cw1/factory/prefab/Gear_small_2.prefab
  artifactKey: Guid(a759f2a9d69c80442b3cc620130b79a3) Importer(815301076,1909f56bfc062723c751e8b465ee728b)
Start importing Assets/cw1/factory/prefab/Gear_small_2.prefab using Guid(a759f2a9d69c80442b3cc620130b79a3) Importer(815301076,1909f56bfc062723c751e8b465ee728b)  -> (artifact id: '6d228182219c0e080ccfeb47c10466ee') in 0.011055 seconds 
========================================================================
Received Import Request.
  Time since last request: 0.000025 seconds.
  path: Assets/cw1/factory/prefab/Pipe back.prefab
  artifactKey: Guid(4d72243ebb5e30c4d9d2269337372ee7) Importer(815301076,1909f56bfc062723c751e8b465ee728b)
Start importing Assets/cw1/factory/prefab/Pipe back.prefab using Guid(4d72243ebb5e30c4d9d2269337372ee7) Importer(815301076,1909f56bfc062723c751e8b465ee728b)  -> (artifact id: '512d55904fb0210630b3e6c85749a0b9') in 0.005432 seconds 
========================================================================
Received Import Request.
  Time since last request: 0.000018 seconds.
  path: Assets/cw1/factory/prefab/Large Pipe r17.prefab
  artifactKey: Guid(49fce9c3f44e7fe42b4f1436ee744d0f) Importer(815301076,1909f56bfc062723c751e8b465ee728b)
Start importing Assets/cw1/factory/prefab/Large Pipe r17.prefab using Guid(49fce9c3f44e7fe42b4f1436ee744d0f) Importer(815301076,1909f56bfc062723c751e8b465ee728b)  -> (artifact id: '419219b1c7e5be1e01c140fc92002e5a') in 0.010020 seconds 
========================================================================
Received Import Request.
  Time since last request: 0.000021 seconds.
  path: Assets/cw1/factory/prefab/Road project 2.prefab
  artifactKey: Guid(89b17ab967312e04495d783f46cbe3e4) Importer(815301076,1909f56bfc062723c751e8b465ee728b)
Start importing Assets/cw1/factory/prefab/Road project 2.prefab using Guid(89b17ab967312e04495d783f46cbe3e4) Importer(815301076,1909f56bfc062723c751e8b465ee728b)  -> (artifact id: 'ba8c08514c6f5402d05d325993eabc2e') in 0.025645 seconds 
========================================================================
Received Import Request.
  Time since last request: 0.000021 seconds.
  path: Assets/cw1/factory/prefab/side beam (1).prefab
  artifactKey: Guid(4ccac8b122887da41a4814a5251556b6) Importer(815301076,1909f56bfc062723c751e8b465ee728b)
Start importing Assets/cw1/factory/prefab/side beam (1).prefab using Guid(4ccac8b122887da41a4814a5251556b6) Importer(815301076,1909f56bfc062723c751e8b465ee728b)  -> (artifact id: '7f44fea24ab180fe65ab438c17ff3143') in 0.005790 seconds 
========================================================================
Received Import Request.
  Time since last request: 0.000024 seconds.
  path: Assets/cw1/factory/prefab/Bridge 45.prefab
  artifactKey: Guid(19b6348dc0047764181eeb1b53dad49d) Importer(815301076,1909f56bfc062723c751e8b465ee728b)
Start importing Assets/cw1/factory/prefab/Bridge 45.prefab using Guid(19b6348dc0047764181eeb1b53dad49d) Importer(815301076,1909f56bfc062723c751e8b465ee728b)  -> (artifact id: '5145cf37774bac1ee9f812128ae11cf1') in 0.003677 seconds 
========================================================================
Received Import Request.
  Time since last request: 0.000041 seconds.
  path: Assets/cw1/factory/prefab/Bridge 30.prefab
  artifactKey: Guid(b4d019fbef4089346880610d7c61d3fb) Importer(815301076,1909f56bfc062723c751e8b465ee728b)
Start importing Assets/cw1/factory/prefab/Bridge 30.prefab using Guid(b4d019fbef4089346880610d7c61d3fb) Importer(815301076,1909f56bfc062723c751e8b465ee728b)  -> (artifact id: '1fe0255fbbd6201dfc5abc356b841bb9') in 0.005573 seconds 
========================================================================
Received Import Request.
  Time since last request: 0.000025 seconds.
  path: Assets/cw1/factory/prefab/Gazebo.prefab
  artifactKey: Guid(3db25c4a70c69ee47b5ba803f61a5cc3) Importer(815301076,1909f56bfc062723c751e8b465ee728b)
Start importing Assets/cw1/factory/prefab/Gazebo.prefab using Guid(3db25c4a70c69ee47b5ba803f61a5cc3) Importer(815301076,1909f56bfc062723c751e8b465ee728b)  -> (artifact id: '2ff24118d33663c289169130a3e512b0') in 0.006320 seconds 
Editor requested this worker to shutdown with reason: Scaling down because of idle timeout
AssetImportWorker is now disconnected from the server
Process exiting
Exiting without the bug reporter. Application will terminate with return code 0